#
# There is insufficient memory for the Java Runtime Environment to continue.
# Native memory allocation (mmap) failed to map 264241152 bytes for Failed to commit area from 0x0000000705800000 to 0x0000000715400000 of length 264241152.
# Possible reasons:
#   The system is out of physical RAM or swap space
#   The process is running with CompressedOops enabled, and the Java Heap may be blocking the growth of the native heap
# Possible solutions:
#   Reduce memory load on the system
#   Increase physical memory or swap space
#   Check if swap backing store is full
#   Decrease Java heap size (-Xmx/-Xms)
#   Decrease number of Java threads
#   Decrease Java thread stack sizes (-Xss)
#   Set larger code cache with -XX:ReservedCodeCacheSize=
# This output file may be truncated or incomplete.
#
#  Out of Memory Error (./src/hotspot/os/windows/os_windows.cpp:3521), pid=34296, tid=95140
#
# JRE version:  (11.0.12+7) (build )
# Java VM: OpenJDK 64-Bit Server VM (11.0.12+7-b1504.28-7817840, mixed mode, sharing, tiered, compressed oops, g1 gc, windows-amd64)
# No core dump will be written. Minidumps are not enabled by default on client versions of Windows
#

---------------  S U M M A R Y ------------

Command Line: org.jetbrains.kotlin.cli.jvm.K2JVMCompiler @D:\AndroidStudioProjects\AndroidUI\app\build\20221017_17316162195961322351.compiler.options

Host: Intel(R) Core(TM) i5-10400 CPU @ 2.90GHz, 12 cores, 15G,  Windows 10 , 64 bit Build 22000 (10.0.22000.708)
Time: Mon Oct 17 16:04:25 2022 SE Asia Standard Time elapsed time: 0.008288 seconds (0d 0h 0m 0s)

---------------  T H R E A D  ---------------

Current thread (0x0000023fb3670000):  JavaThread "Unknown thread" [_thread_in_vm, id=95140, stack(0x000000f0a6300000,0x000000f0a6400000)]

Stack: [0x000000f0a6300000,0x000000f0a6400000]
Native frames: (J=compiled Java code, j=interpreted, Vv=VM code, C=native code)
V  [jvm.dll+0x5fbcea]
V  [jvm.dll+0x731905]
V  [jvm.dll+0x732f1d]
V  [jvm.dll+0x7335d3]
V  [jvm.dll+0x247bf8]
V  [jvm.dll+0x5f90b4]
V  [jvm.dll+0x5edc85]
V  [jvm.dll+0x305aeb]
V  [jvm.dll+0x305a5a]
V  [jvm.dll+0x305932]
V  [jvm.dll+0x30a896]
V  [jvm.dll+0x353803]
V  [jvm.dll+0x353f06]
V  [jvm.dll+0x353903]
V  [jvm.dll+0x2e0678]
V  [jvm.dll+0x2e1827]
V  [jvm.dll+0x710037]
V  [jvm.dll+0x71182c]
V  [jvm.dll+0x360da9]
V  [jvm.dll+0x6f390e]
V  [jvm.dll+0x3c9723]
V  [jvm.dll+0x3cb9b1]
C  [jli.dll+0x536b]
C  [ucrtbase.dll+0x26c0c]
C  [KERNEL32.DLL+0x154e0]
C  [ntdll.dll+0x485b]


---------------  P R O C E S S  ---------------

Threads class SMR info:
_java_thread_list=0x0000023fb14857b0, length=0, elements={
}

Java Threads: ( => current thread )

Other Threads:
  0x0000023fb155c800 GCTaskThread "GC Thread#0" [stack: 0x000000f0a6400000,0x000000f0a6500000] [id=54476]
  0x0000023fb36df800 ConcurrentGCThread "G1 Main Marker" [stack: 0x000000f0a6500000,0x000000f0a6600000] [id=105828]
  0x0000023fb36e3000 ConcurrentGCThread "G1 Conc#0" [stack: 0x000000f0a6600000,0x000000f0a6700000] [id=34980]

[error occurred during error reporting (printing all threads), id 0xc0000005, EXCEPTION_ACCESS_VIOLATION (0xc0000005) at pc=0x00007ffd55720be7]

VM state:not at safepoint (not fully initialized)

VM Mutex/Monitor currently owned by a thread:  ([mutex/lock_event])
[0x0000023fb366ced0] Heap_lock - owner thread: 0x0000023fb3670000

Heap address: 0x0000000705800000, size: 4008 MB, Compressed Oops mode: Non-zero based: 0x0000000705800000
Narrow klass base: 0x0000000000000000, Narrow klass shift: 0

GC Heap History (0 events):
No events

Deoptimization events (0 events):
No events

Classes redefined (0 events):
No events

Internal exceptions (0 events):
No events

Events (1 events):
Event: 0.006 Loaded shared library C:\Program Files\Android\Android Studio\jre\bin\zip.dll


Dynamic libraries:
0x00007ff7a8380000 - 0x00007ff7a838a000 	C:\Program Files\Android\Android Studio\jre\bin\java.exe
0x00007ffd78b80000 - 0x00007ffd78d89000 	C:\WINDOWS\SYSTEM32\ntdll.dll
0x00007ffd783e0000 - 0x00007ffd7849d000 	C:\WINDOWS\System32\KERNEL32.DLL
0x00007ffd764e0000 - 0x00007ffd76859000 	C:\WINDOWS\System32\KERNELBASE.dll
0x000000005b170000 - 0x000000005b203000 	C:\WINDOWS\System32\SYSFER.DLL
0x00007ffd76250000 - 0x00007ffd76361000 	C:\WINDOWS\System32\ucrtbase.dll
0x00007ffd5a420000 - 0x00007ffd5a439000 	C:\Program Files\Android\Android Studio\jre\bin\jli.dll
0x00007ffd571e0000 - 0x00007ffd571f7000 	C:\Program Files\Android\Android Studio\jre\bin\VCRUNTIME140.dll
0x00007ffd77820000 - 0x00007ffd779cc000 	C:\WINDOWS\System32\USER32.dll
0x00007ffd76220000 - 0x00007ffd76246000 	C:\WINDOWS\System32\win32u.dll
0x00007ffd5fb70000 - 0x00007ffd5fe15000 	C:\WINDOWS\WinSxS\amd64_microsoft.windows.common-controls_6595b64144ccf1df_6.0.22000.120_none_9d947278b86cc467\COMCTL32.dll
0x00007ffd77eb0000 - 0x00007ffd77ed9000 	C:\WINDOWS\System32\GDI32.dll
0x00007ffd78a80000 - 0x00007ffd78b23000 	C:\WINDOWS\System32\msvcrt.dll
0x00007ffd76060000 - 0x00007ffd76172000 	C:\WINDOWS\System32\gdi32full.dll
0x00007ffd76180000 - 0x00007ffd7621d000 	C:\WINDOWS\System32\msvcp_win.dll
0x00007ffd77ef0000 - 0x00007ffd77f21000 	C:\WINDOWS\System32\IMM32.DLL
0x00007ffd57140000 - 0x00007ffd571dd000 	C:\Program Files\Android\Android Studio\jre\bin\msvcp140.dll
0x00007ffd55430000 - 0x00007ffd55f15000 	C:\Program Files\Android\Android Studio\jre\bin\server\jvm.dll
0x00007ffd78540000 - 0x00007ffd785ee000 	C:\WINDOWS\System32\ADVAPI32.dll
0x00007ffd784a0000 - 0x00007ffd7853e000 	C:\WINDOWS\System32\sechost.dll
0x00007ffd77d90000 - 0x00007ffd77eb0000 	C:\WINDOWS\System32\RPCRT4.dll
0x00007ffd77c50000 - 0x00007ffd77c58000 	C:\WINDOWS\System32\PSAPI.DLL
0x00007ffd61270000 - 0x00007ffd61279000 	C:\WINDOWS\SYSTEM32\WSOCK32.dll
0x00007ffd775f0000 - 0x00007ffd7765f000 	C:\WINDOWS\System32\WS2_32.dll
0x00007ffd67f50000 - 0x00007ffd67f83000 	C:\WINDOWS\SYSTEM32\WINMM.dll
0x00007ffd6c1a0000 - 0x00007ffd6c1aa000 	C:\WINDOWS\SYSTEM32\VERSION.dll
0x00007ffd75120000 - 0x00007ffd75138000 	C:\WINDOWS\SYSTEM32\kernel.appcore.dll
0x00007ffd54f10000 - 0x00007ffd54f21000 	C:\Program Files\Android\Android Studio\jre\bin\verify.dll
0x00007ffd5e270000 - 0x00007ffd5e491000 	C:\WINDOWS\SYSTEM32\DBGHELP.DLL
0x00007ffd5e230000 - 0x00007ffd5e261000 	C:\WINDOWS\SYSTEM32\dbgcore.DLL
0x00007ffd76990000 - 0x00007ffd76a0f000 	C:\WINDOWS\System32\bcryptPrimitives.dll
0x00007ffd54ee0000 - 0x00007ffd54f09000 	C:\Program Files\Android\Android Studio\jre\bin\java.dll
0x00007ffd5b160000 - 0x00007ffd5b16b000 	C:\Program Files\Android\Android Studio\jre\bin\jimage.dll
0x00007ffd54e30000 - 0x00007ffd54e48000 	C:\Program Files\Android\Android Studio\jre\bin\zip.dll

dbghelp: loaded successfully - version: 4.0.5 - missing functions: none
symbol engine: initialized successfully - sym options: 0x614 - pdb path: .;C:\Program Files\Android\Android Studio\jre\bin;C:\WINDOWS\SYSTEM32;C:\WINDOWS\WinSxS\amd64_microsoft.windows.common-controls_6595b64144ccf1df_6.0.22000.120_none_9d947278b86cc467;C:\Program Files\Android\Android Studio\jre\bin\server

VM Arguments:
java_command: org.jetbrains.kotlin.cli.jvm.K2JVMCompiler @D:\AndroidStudioProjects\AndroidUI\app\build\20221017_17316162195961322351.compiler.options
java_class_path (initial): C:\Users\hongdnn\.gradle\caches\modules-2\files-2.1\org.jetbrains.kotlin\kotlin-compiler-embeddable\1.6.10\88f2073f4020cdb83132cfe940ceb9a60aba54ea\kotlin-compiler-embeddable-1.6.10.jar;C:\Users\hongdnn\.gradle\caches\modules-2\files-2.1\org.jetbrains.kotlin\kotlin-reflect\1.6.10\1cbe9c92c12a94eea200d23c2bbaedaf3daf5132\kotlin-reflect-1.6.10.jar;C:\Users\hongdnn\.gradle\caches\modules-2\files-2.1\org.jetbrains.kotlin\kotlin-stdlib\1.6.10\b8af3fe6f1ca88526914929add63cf5e7c5049af\kotlin-stdlib-1.6.10.jar;C:\Users\hongdnn\.gradle\caches\modules-2\files-2.1\org.jetbrains.kotlin\kotlin-script-runtime\1.6.10\d0a7ff2e2500ef497ed0214ae40ad3c8387a6164\kotlin-script-runtime-1.6.10.jar;C:\Users\hongdnn\.gradle\caches\modules-2\files-2.1\org.jetbrains.kotlin\kotlin-daemon-embeddable\1.6.10\a56d79bcbea411fa6058e4ecffc2de73e742bd2a\kotlin-daemon-embeddable-1.6.10.jar;C:\Users\hongdnn\.gradle\caches\modules-2\files-2.1\org.jetbrains.intellij.deps\trove4j\1.0.20181211\216c2e14b070f334479d800987affe4054cd563f\trove4j-1.0.20181211.jar;C:\Users\hongdnn\.gradle\caches\modules-2\files-2.1\net.java.dev.jna\jna\5.6.0\330f2244e9030119ab3030fc3fededc86713d9cc\jna-5.6.0.jar;C:\Users\hongdnn\.gradle\caches\modules-2\files-2.1\org.jetbrains\annotations\13.0\919f0dfe192fb4e063e7dacadee7f8bb9a2672a9\annotations-13.0.jar;C:\Users\hongdnn\.gradle\caches\modules-2\files-2.1\org.jetbrains.kotlin\kotlin-stdlib-common\1.6.10\c118700e3a33c8a0d9adc920e9dec0831171925\kotlin-stdlib-common-1.6.10.jar
Launcher Type: SUN_STANDARD

[Global flags]
     intx CICompilerCount                          = 4                                         {product} {ergonomic}
     uint ConcGCThreads                            = 3                                         {product} {ergonomic}
     uint G1ConcRefinementThreads                  = 10                                        {product} {ergonomic}
   size_t G1HeapRegionSize                         = 1048576                                   {product} {ergonomic}
    uintx GCDrainStackTargetSize                   = 64                                        {product} {ergonomic}
   size_t InitialHeapSize                          = 264241152                                 {product} {ergonomic}
   size_t MarkStackSize                            = 4194304                                   {product} {ergonomic}
   size_t MaxHeapSize                              = 4202692608                                {product} {ergonomic}
   size_t MinHeapDeltaBytes                        = 1048576                                   {product} {ergonomic}
    uintx NonNMethodCodeHeapSize                   = 5836300                                {pd product} {ergonomic}
    uintx NonProfiledCodeHeapSize                  = 122910970                              {pd product} {ergonomic}
    uintx ProfiledCodeHeapSize                     = 122910970                              {pd product} {ergonomic}
    uintx ReservedCodeCacheSize                    = 251658240                              {pd product} {ergonomic}
     bool SegmentedCodeCache                       = true                                      {product} {ergonomic}
     bool UseCompressedClassPointers               = true                                 {lp64_product} {ergonomic}
     bool UseCompressedOops                        = true                                 {lp64_product} {ergonomic}
     bool UseG1GC                                  = true                                      {product} {ergonomic}
     bool UseLargePagesIndividualAllocation        = false                                  {pd product} {ergonomic}

Logging:
Log output configuration:
 #0: stdout all=warning uptime,level,tags
 #1: stderr all=off uptime,level,tags

Environment Variables:
PATH=C:\WINDOWS\system32;C:\WINDOWS;C:\WINDOWS\System32\Wbem;C:\WINDOWS\System32\WindowsPowerShell\v1.0\;C:\WINDOWS\System32\OpenSSH\;C:\Program Files\Docker\Docker\resources\bin;C:\ProgramData\DockerDesktop\version-bin;C:\Program Files\Git\cmd;C:\Users\hongdnn\AppData\Local\Microsoft\WindowsApps;C:\Users\hongdnn\AppData\Local\Programs\Microsoft VS Code\bin;C:\src\flutter\bin;
USERNAME=hongdnn
OS=Windows_NT
PROCESSOR_IDENTIFIER=Intel64 Family 6 Model 165 Stepping 5, GenuineIntel



---------------  S Y S T E M  ---------------

OS: Windows 10 , 64 bit Build 22000 (10.0.22000.708)
OS uptime: 12 days 6:23 hours
Hyper-V role detected

CPU:total 12 (initial active 12) (6 cores per cpu, 2 threads per core) family 6 model 165 stepping 5 microcode 0xe0, cmov, cx8, fxsr, mmx, sse, sse2, sse3, ssse3, sse4.1, sse4.2, popcnt, avx, avx2, aes, clmul, erms, 3dnowpref, lzcnt, ht, tsc, tscinvbit, bmi1, bmi2, adx, fma

Memory: 4k page, system-wide physical 16029M (1372M free)
TotalPageFile size 34698M (AvailPageFile size 81M)
current process WorkingSet (physical memory assigned to process): 10M, peak: 10M
current process commit charge ("private bytes"): 65M, peak: 316M

vm_info: OpenJDK 64-Bit Server VM (11.0.12+7-b1504.28-7817840) for windows-amd64 JRE (11.0.12+7-b1504.28-7817840), built on Oct 13 2021 22:12:33 by "builder" with MS VC++ 14.0 (VS2015)

END.
